svn: '.' no es una copia de trabajo
svn: '.' no es una copia de trabajo
[===== NOW BUILDING:	libIDL-0.8.11	=====]
	[fetch] complete for libIDL.
	[checksum] complete for libIDL.
	[extract] complete for libIDL.
	[patch] complete for libIDL.
	[configure] complete for libIDL.
 ==> Running make in work/main.d/libIDL-0.8.11
make[1]: Entering directory `/home/pablo/gar-castorbox/script/lib/libIDL/work/main.d/libIDL-0.8.11'
make  all-recursive
make[2]: Entering directory `/home/pablo/gar-castorbox/script/lib/libIDL/work/main.d/libIDL-0.8.11'
Making all in include
make[3]: Entering directory `/home/pablo/gar-castorbox/script/lib/libIDL/work/main.d/libIDL-0.8.11/include'
Making all in libIDL
make[4]: Entering directory `/home/pablo/gar-castorbox/script/lib/libIDL/work/main.d/libIDL-0.8.11/include/libIDL'
make  all-am
make[5]: Entering directory `/home/pablo/gar-castorbox/script/lib/libIDL/work/main.d/libIDL-0.8.11/include/libIDL'
make[5]: Nothing to be done for `all-am'.
make[5]: Leaving directory `/home/pablo/gar-castorbox/script/lib/libIDL/work/main.d/libIDL-0.8.11/include/libIDL'
make[4]: Leaving directory `/home/pablo/gar-castorbox/script/lib/libIDL/work/main.d/libIDL-0.8.11/include/libIDL'
make[4]: Entering directory `/home/pablo/gar-castorbox/script/lib/libIDL/work/main.d/libIDL-0.8.11/include'
make[4]: Nothing to be done for `all-am'.
make[4]: Leaving directory `/home/pablo/gar-castorbox/script/lib/libIDL/work/main.d/libIDL-0.8.11/include'
make[3]: Leaving directory `/home/pablo/gar-castorbox/script/lib/libIDL/work/main.d/libIDL-0.8.11/include'
make[3]: Entering directory `/home/pablo/gar-castorbox/script/lib/libIDL/work/main.d/libIDL-0.8.11'
/bin/sh ./libtool --tag=CC   --mode=compile i586-castorbox-linux-gnu-gcc -DPACKAGE_NAME=\"libIDL\" -DPACKAGE_TARNAME=\"libIDL\" -DPACKAGE_VERSION=\"0.8.11\" -DPACKAGE_STRING=\"libIDL\ 0.8.11\" -DPACKAGE_BUGREPORT=\"http://bugzilla.gnome.org/enter_bug.cgi\?product=libIDL\" -DLIBIDL_VERSION=\"0.8.11\" -DHAVE_CPP_PIPE_STDIN=1 -DCPP_NOSTDINC=\"-I-\" -DCPP_PROGRAM=\"i586-castorbox-linux-gnu-cpp\" -DSTDC_HEADERS=1 -DHAVE_SYS_TYPES_H=1 -DHAVE_SYS_STAT_H=1 -DHAVE_STDLIB_H=1 -DHAVE_STRING_H=1 -DHAVE_MEMORY_H=1 -DHAVE_STRINGS_H=1 -DHAVE_INTTYPES_H=1 -DHAVE_STDINT_H=1 -DHAVE_UNISTD_H=1 -DHAVE_DLFCN_H=1 -DSTDC_HEADERS=1 -DHAVE_STDDEF_H=1 -DHAVE_UNISTD_H=1 -DHAVE_WCHAR_H=1 -DHAVE_POPEN=1 -DHAVE_SYMLINK=1 -DHAVE_ACCESS=1 -DSIZEOF_LONG_LONG=8 -I. -DYYDEBUG=1 -DYYERROR_VERBOSE=1 -I/home/pablo/gar-castorbox/images/main/home/pablo/gar-castorbox/images/main//usr/include/glib-2.0 -I/home/pablo/gar-castorbox/images/main/home/pablo/gar-castorbox/images/main//usr/lib/glib-2.0/include   -I./include -DG_LOG_DOMAIN=\"libIDL\" -Wall -Wunused -Wmissing-prototypes -Wmissing-declarations   -DLIBIDL_COMPILATION -pipe -march=c3-2 -Os -mfpmath=sse -ffast-math -m32 -MT libIDL_2_la-parser.lo -MD -MP -MF .deps/libIDL_2_la-parser.Tpo -c -o libIDL_2_la-parser.lo `test -f 'parser.c' || echo './'`parser.c
/bin/sh ./libtool --tag=CC   --mode=compile i586-castorbox-linux-gnu-gcc -DPACKAGE_NAME=\"libIDL\" -DPACKAGE_TARNAME=\"libIDL\" -DPACKAGE_VERSION=\"0.8.11\" -DPACKAGE_STRING=\"libIDL\ 0.8.11\" -DPACKAGE_BUGREPORT=\"http://bugzilla.gnome.org/enter_bug.cgi\?product=libIDL\" -DLIBIDL_VERSION=\"0.8.11\" -DHAVE_CPP_PIPE_STDIN=1 -DCPP_NOSTDINC=\"-I-\" -DCPP_PROGRAM=\"i586-castorbox-linux-gnu-cpp\" -DSTDC_HEADERS=1 -DHAVE_SYS_TYPES_H=1 -DHAVE_SYS_STAT_H=1 -DHAVE_STDLIB_H=1 -DHAVE_STRING_H=1 -DHAVE_MEMORY_H=1 -DHAVE_STRINGS_H=1 -DHAVE_INTTYPES_H=1 -DHAVE_STDINT_H=1 -DHAVE_UNISTD_H=1 -DHAVE_DLFCN_H=1 -DSTDC_HEADERS=1 -DHAVE_STDDEF_H=1 -DHAVE_UNISTD_H=1 -DHAVE_WCHAR_H=1 -DHAVE_POPEN=1 -DHAVE_SYMLINK=1 -DHAVE_ACCESS=1 -DSIZEOF_LONG_LONG=8 -I. -DYYDEBUG=1 -DYYERROR_VERBOSE=1 -I/home/pablo/gar-castorbox/images/main/home/pablo/gar-castorbox/images/main//usr/include/glib-2.0 -I/home/pablo/gar-castorbox/images/main/home/pablo/gar-castorbox/images/main//usr/lib/glib-2.0/include   -I./include -DG_LOG_DOMAIN=\"libIDL\" -Wall -Wunused -Wmissing-prototypes -Wmissing-declarations   -DLIBIDL_COMPILATION -pipe -march=c3-2 -Os -mfpmath=sse -ffast-math -m32 -MT libIDL_2_la-lexer.lo -MD -MP -MF .deps/libIDL_2_la-lexer.Tpo -c -o libIDL_2_la-lexer.lo `test -f 'lexer.c' || echo './'`lexer.c
 i586-castorbox-linux-gnu-gcc -DPACKAGE_NAME=\"libIDL\" -DPACKAGE_TARNAME=\"libIDL\" -DPACKAGE_VERSION=\"0.8.11\" "-DPACKAGE_STRING=\"libIDL 0.8.11\"" "-DPACKAGE_BUGREPORT=\"http://bugzilla.gnome.org/enter_bug.cgi?product=libIDL\"" -DLIBIDL_VERSION=\"0.8.11\" -DHAVE_CPP_PIPE_STDIN=1 -DCPP_NOSTDINC=\"-I-\" -DCPP_PROGRAM=\"i586-castorbox-linux-gnu-cpp\" -DSTDC_HEADERS=1 -DHAVE_SYS_TYPES_H=1 -DHAVE_SYS_STAT_H=1 -DHAVE_STDLIB_H=1 -DHAVE_STRING_H=1 -DHAVE_MEMORY_H=1 -DHAVE_STRINGS_H=1 -DHAVE_INTTYPES_H=1 -DHAVE_STDINT_H=1 -DHAVE_UNISTD_H=1 -DHAVE_DLFCN_H=1 -DSTDC_HEADERS=1 -DHAVE_STDDEF_H=1 -DHAVE_UNISTD_H=1 -DHAVE_WCHAR_H=1 -DHAVE_POPEN=1 -DHAVE_SYMLINK=1 -DHAVE_ACCESS=1 -DSIZEOF_LONG_LONG=8 -I. -DYYDEBUG=1 -DYYERROR_VERBOSE=1 -I/home/pablo/gar-castorbox/images/main/home/pablo/gar-castorbox/images/main//usr/include/glib-2.0 -I/home/pablo/gar-castorbox/images/main/home/pablo/gar-castorbox/images/main//usr/lib/glib-2.0/include -I./include -DG_LOG_DOMAIN=\"libIDL\" -Wall -Wunused -Wmissing-prototypes -Wmissing-declarations -DLIBIDL_COMPILATION -pipe -march=c3-2 -Os -mfpmath=sse -ffast-math -m32 -MT libIDL_2_la-parser.lo -MD -MP -MF .deps/libIDL_2_la-parser.Tpo -c parser.c  -fPIC -DPIC -o .libs/libIDL_2_la-parser.o
In file included from ./parser.y:33:
util.h:35:18: error: glib.h: No such file or directory
In file included from util.h:36,
                 from ./parser.y:33:
./include/libIDL/IDL.h:110: error: expected ‘=’, ‘,’, ‘;’, ‘asm’ or ‘__attribute__’ before ‘IDL_longlong_t’
./include/libIDL/IDL.h:111: error: expected ‘=’, ‘,’, ‘;’, ‘asm’ or ‘__attribute__’ before ‘IDL_ulonglong_t’
./include/libIDL/IDL.h:136: error: expected specifier-qualifier-list before ‘GHashTable’
./include/libIDL/IDL.h:144: error: expected ‘)’ before ‘hash_func’
./include/libIDL/IDL.h:155: error: expected specifier-qualifier-list before ‘IDL_longlong_t’
./include/libIDL/IDL.h:158: error: expected ‘)’ before ‘value’
./include/libIDL/IDL.h:205: error: expected specifier-qualifier-list before ‘GSList’
./include/libIDL/IDL.h:469: error: expected specifier-qualifier-list before ‘GSList’
./include/libIDL/IDL.h:473: error: expected declaration specifiers or ‘...’ before ‘GSList’
./include/libIDL/IDL.h:479: error: expected specifier-qualifier-list before ‘gboolean’
./include/libIDL/IDL.h:483: error: expected declaration specifiers or ‘...’ before ‘gboolean’
./include/libIDL/IDL.h:483: error: expected declaration specifiers or ‘...’ before ‘gboolean’
./include/libIDL/IDL.h:551: error: expected specifier-qualifier-list before ‘GHashTable’
./include/libIDL/IDL.h:648: error: expected specifier-qualifier-list before ‘GHashTable’
./include/libIDL/IDL.h:672: error: expected declaration specifiers or ‘...’ before ‘gpointer’
./include/libIDL/IDL.h:690: error: expected specifier-qualifier-list before ‘glong’
./include/libIDL/IDL.h:700: error: expected specifier-qualifier-list before ‘gint’
./include/libIDL/IDL.h:705: error: expected declaration specifiers or ‘...’ before ‘*’ token
./include/libIDL/IDL.h:706: error: expected declaration specifiers or ‘...’ before ‘gpointer’
./include/libIDL/IDL.h:706: warning: type defaults to ‘int’ in declaration of ‘gboolean’
./include/libIDL/IDL.h:706: error: ‘gboolean’ declared as function returning a function
./include/libIDL/IDL.h:727: error: expected declaration specifiers or ‘...’ before ‘gpointer’
./include/libIDL/IDL.h:767: warning: no previous prototype for ‘IDL_tree_error’
./include/libIDL/IDL.h: In function ‘IDL_tree_error’:
./include/libIDL/IDL.h:767: error: expected declaration specifiers before ‘G_GNUC_PRINTF’
./include/libIDL/IDL.h:773: error: expected ‘=’, ‘,’, ‘;’, ‘asm’ or ‘__attribute__’ before ‘G_GNUC_PRINTF’
./include/libIDL/IDL.h:776: error: storage class specified for parameter ‘IDL_tree_property_get’
./include/libIDL/IDL.h:780: error: storage class specified for parameter ‘IDL_tree_property_set’
./include/libIDL/IDL.h:783: error: storage class specified for parameter ‘IDL_tree_property_remove’
./include/libIDL/IDL.h:783: error: ‘IDL_tree_property_remove’ declared as function returning a function
./include/libIDL/IDL.h:786: error: storage class specified for parameter ‘IDL_tree_properties_copy’
./include/libIDL/IDL.h:789: error: storage class specified for parameter ‘IDL_tree_remove_inhibits’
./include/libIDL/IDL.h:793: error: expected declaration specifiers or ‘...’ before ‘IDL_tree_func’
./include/libIDL/IDL.h:794: error: expected declaration specifiers or ‘...’ before ‘IDL_tree_func’
./include/libIDL/IDL.h:795: error: expected declaration specifiers or ‘...’ before ‘gpointer’
./include/libIDL/IDL.h:795: error: storage class specified for parameter ‘IDL_tree_walk’
./include/libIDL/IDL.h:799: error: expected declaration specifiers or ‘...’ before ‘glong’
./include/libIDL/IDL.h:800: error: expected declaration specifiers or ‘...’ before ‘IDL_tree_func’
./include/libIDL/IDL.h:801: error: expected declaration specifiers or ‘...’ before ‘IDL_tree_func’
./include/libIDL/IDL.h:802: error: expected declaration specifiers or ‘...’ before ‘gpointer’
./include/libIDL/IDL.h:802: error: storage class specified for parameter ‘IDL_tree_walk2’
./include/libIDL/IDL.h:805: error: expected declaration specifiers or ‘...’ before ‘IDL_tree_func’
./include/libIDL/IDL.h:806: error: expected declaration specifiers or ‘...’ before ‘gpointer’
./include/libIDL/IDL.h:806: error: storage class specified for parameter ‘IDL_tree_walk_in_order’
./include/libIDL/IDL.h:808: error: storage class specified for parameter ‘IDL_tree_free’
./include/libIDL/IDL.h:813: error: storage class specified for parameter ‘IDL_tree_to_IDL’
./include/libIDL/IDL.h:815: error: expected ‘=’, ‘,’, ‘;’, ‘asm’ or ‘__attribute__’ before ‘*’ token
./include/libIDL/IDL.h:820: error: storage class specified for parameter ‘IDL_tree_contains_node’
./include/libIDL/IDL.h:820: error: ‘IDL_tree_contains_node’ declared as function returning a function
./include/libIDL/IDL.h:823: error: expected declaration specifiers or ‘...’ before ‘gpointer’
./include/libIDL/IDL.h:823: error: storage class specified for parameter ‘IDL_tree_is_recursive’
./include/libIDL/IDL.h:823: error: ‘IDL_tree_is_recursive’ declared as function returning a function
./include/libIDL/IDL.h:825: error: expected ‘=’, ‘,’, ‘;’, ‘asm’ or ‘__attribute__’ before ‘*’ token
./include/libIDL/IDL.h:828: error: storage class specified for parameter ‘IDL_resolve_const_exp’
./include/libIDL/IDL.h:830: error: storage class specified for parameter ‘IDL_ns_new’
./include/libIDL/IDL.h:832: error: storage class specified for parameter ‘IDL_ns_free’
./include/libIDL/IDL.h:836: error: storage class specified for parameter ‘IDL_ns_resolve_this_scope_ident’
./include/libIDL/IDL.h:839: error: storage class specified for parameter ‘IDL_ns_resolve_ident’
./include/libIDL/IDL.h:844: error: storage class specified for parameter ‘IDL_ns_lookup_this_scope’
./include/libIDL/IDL.h:848: error: storage class specified for parameter ‘IDL_ns_lookup_cur_scope’
./include/libIDL/IDL.h:851: error: storage class specified for parameter ‘IDL_ns_place_new’
./include/libIDL/IDL.h:854: error: storage class specified for parameter ‘IDL_ns_push_scope’
./include/libIDL/IDL.h:856: error: storage class specified for parameter ‘IDL_ns_pop_scope’
./include/libIDL/IDL.h:858: error: storage class specified for parameter ‘IDL_ns_qualified_ident_new’
./include/libIDL/IDL.h:860: error: expected ‘=’, ‘,’, ‘;’, ‘asm’ or ‘__attribute__’ before ‘*’ token
./include/libIDL/IDL.h:866: error: storage class specified for parameter ‘IDL_ns_scope_levels_from_here’
./include/libIDL/IDL.h:868: error: expected ‘=’, ‘,’, ‘;’, ‘asm’ or ‘__attribute__’ before ‘*’ token
In file included from ./parser.y:33:
util.h:47: error: storage class specified for parameter ‘IDL_fileinfo’
util.h:49: error: storage class specified for parameter ‘__IDL_error’
util.h:50: error: storage class specified for parameter ‘__IDL_errorl’
util.h:51: error: storage class specified for parameter ‘__IDL_warning’
util.h:52: error: storage class specified for parameter ‘__IDL_warningl’
util.h:54: error: expected ‘=’, ‘,’, ‘;’, ‘asm’ or ‘__attribute__’ before ‘G_GNUC_PRINTF’
util.h:56: error: expected ‘=’, ‘,’, ‘;’, ‘asm’ or ‘__attribute__’ before ‘G_GNUC_PRINTF’
util.h:58: error: expected ‘=’, ‘,’, ‘;’, ‘asm’ or ‘__attribute__’ before ‘G_GNUC_PRINTF’
util.h:60: error: expected ‘=’, ‘,’, ‘;’, ‘asm’ or ‘__attribute__’ before ‘G_GNUC_PRINTF’
util.h:62: error: expected ‘=’, ‘,’, ‘;’, ‘asm’ or ‘__attribute__’ before ‘G_GNUC_PRINTF’
util.h:64: error: expected ‘=’, ‘,’, ‘;’, ‘asm’ or ‘__attribute__’ before ‘G_GNUC_PRINTF’
util.h:66: error: expected ‘=’, ‘,’, ‘;’, ‘asm’ or ‘__attribute__’ before ‘IDL_strcase_hash’
util.h:67: error: expected ‘=’, ‘,’, ‘;’, ‘asm’ or ‘__attribute__’ before ‘IDL_strcase_equal’
util.h:68: error: expected ‘=’, ‘,’, ‘;’, ‘asm’ or ‘__attribute__’ before ‘IDL_strcase_cmp’
util.h:69: error: expected ‘=’, ‘,’, ‘;’, ‘asm’ or ‘__attribute__’ before ‘IDL_ident_hash’
util.h:70: error: expected ‘=’, ‘,’, ‘;’, ‘asm’ or ‘__attribute__’ before ‘IDL_ident_equal’
util.h:71: error: expected ‘=’, ‘,’, ‘;’, ‘asm’ or ‘__attribute__’ before ‘IDL_ident_cmp’
util.h:74: error: storage class specified for parameter ‘IDL_ns_check_for_ambiguous_inheritance’
util.h:75: error: storage class specified for parameter ‘IDL_tree_process_forward_dcls’
util.h:76: error: storage class specified for parameter ‘IDL_tree_remove_empty_modules’
util.h:78: error: expected ‘)’ before ‘*’ token
util.h:79: error: storage class specified for parameter ‘__IDL_assign_up_node’
util.h:80: error: storage class specified for parameter ‘__IDL_assign_location’
util.h:81: error: storage class specified for parameter ‘__IDL_assign_this_location’
util.h:82: error: storage class specified for parameter ‘__IDL_parser_reset’
util.h:83: error: storage class specified for parameter ‘__IDL_do_pragma’
util.h:85: error: storage class specified for parameter ‘__IDL_lex_init’
util.h:86: error: storage class specified for parameter ‘__IDL_lex_cleanup’
util.h:92: error: storage class specified for parameter ‘__IDL_real_filename’
util.h:93: error: storage class specified for parameter ‘__IDL_cur_filename’
util.h:94: error: storage class specified for parameter ‘__IDL_cur_line’
util.h:95: error: expected ‘=’, ‘,’, ‘;’, ‘asm’ or ‘__attribute__’ before ‘*’ token
util.h:96: error: expected ‘=’, ‘,’, ‘;’, ‘asm’ or ‘__attribute__’ before ‘*’ token
util.h:97: error: storage class specified for parameter ‘__IDL_prev_token_line’
util.h:98: error: storage class specified for parameter ‘__IDL_cur_token_line’
util.h:99: error: expected ‘=’, ‘,’, ‘;’, ‘asm’ or ‘__attribute__’ before ‘*’ token
util.h:100: error: storage class specified for parameter ‘__IDL_inhibits’
util.h:101: error: storage class specified for parameter ‘__IDL_typecodes_as_tok’
util.h:102: error: storage class specified for parameter ‘__IDL_pidl’
util.h:103: error: storage class specified for parameter ‘__IDL_root’
util.h:104: error: storage class specified for parameter ‘__IDL_root_ns’
util.h:105: error: storage class specified for parameter ‘__IDL_is_okay’
util.h:106: error: storage class specified for parameter ‘__IDL_is_parsing’
util.h:107: error: storage class specified for parameter ‘__IDL_flags’
util.h:108: error: storage class specified for parameter ‘__IDL_flagsi’
util.h:109: error: expected ‘=’, ‘,’, ‘;’, ‘asm’ or ‘__attribute__’ before ‘__IDL_inputcb_user_data’
util.h:110: error: storage class specified for parameter ‘__IDL_inputcb’
util.h:111: error: expected ‘=’, ‘,’, ‘;’, ‘asm’ or ‘__attribute__’ before ‘*’ token
./parser.y:88: error: storage class specified for parameter ‘__IDL_lex’
./parser.y:89: error: storage class specified for parameter ‘IDL_parse_declspec’
./parser.y:92: error: storage class specified for parameter ‘IDL_binop_chktypes’
./parser.y:94: error: storage class specified for parameter ‘IDL_unaryop_chktypes’
./parser.y:97: error: storage class specified for parameter ‘IDL_binop_eval’
./parser.y:99: error: storage class specified for parameter ‘IDL_unaryop_eval’
./parser.y:101: error: storage class specified for parameter ‘list_start’
./parser.y:104: error: storage class specified for parameter ‘list_chain’
./parser.y:107: error: storage class specified for parameter ‘zlist_chain’
./parser.y:110: error: storage class specified for parameter ‘do_token_error’
./parser.y:112: error: storage class specified for parameter ‘illegal_context_type_error’
./parser.y:114: error: storage class specified for parameter ‘illegal_type_error’
./parser.y:121: error: expected specifier-qualifier-list before ‘gpointer’
./parser.y:123: error: expected specifier-qualifier-list before ‘GHashTable’
y.tab.c:319: error: storage class specified for parameter ‘YYSTYPE’
y.tab.c:340: error: storage class specified for parameter ‘yytype_uint8’
y.tab.c:347: error: storage class specified for parameter ‘yytype_int8’
y.tab.c:355: error: storage class specified for parameter ‘yytype_uint16’
y.tab.c:361: error: storage class specified for parameter ‘yytype_int16’
y.tab.c:494: error: expected specifier-qualifier-list before ‘yytype_int16’
y.tab.c:496: warning: empty declaration
y.tab.c:565: error: expected ‘=’, ‘,’, ‘;’, ‘asm’ or ‘__attribute__’ before ‘yytranslate’
y.tab.c:599: error: expected declaration specifiers before ‘;’ token
y.tab.c:604: error: expected ‘=’, ‘,’, ‘;’, ‘asm’ or ‘__attribute__’ before ‘yyprhs’
y.tab.c:634: error: expected declaration specifiers before ‘;’ token
y.tab.c:637: error: expected ‘=’, ‘,’, ‘;’, ‘asm’ or ‘__attribute__’ before ‘yyrhs’
y.tab.c:713: error: expected declaration specifiers before ‘;’ token
y.tab.c:716: error: expected ‘=’, ‘,’, ‘;’, ‘asm’ or ‘__attribute__’ before ‘yyrline’
y.tab.c:746: error: expected declaration specifiers before ‘;’ token
y.tab.c:752: error: storage class specified for parameter ‘yytname’
y.tab.c:752: error: parameter ‘yytname’ is initialized
y.tab.c:754: warning: initialization from incompatible pointer type
y.tab.c:754: warning: excess elements in scalar initializer
y.tab.c:754: warning: (near initialization for ‘yytname’)
y.tab.c:754: warning: excess elements in scalar initializer
y.tab.c:754: warning: (near initialization for ‘yytname’)
y.tab.c:754: warning: excess elements in scalar initializer
y.tab.c:754: warning: (near initialization for ‘yytname’)
y.tab.c:754: warning: excess elements in scalar initializer
y.tab.c:754: warning: (near initialization for ‘yytname’)
y.tab.c:755: warning: excess elements in scalar initializer
y.tab.c:755: warning: (near initialization for ‘yytname’)
y.tab.c:755: warning: excess elements in scalar initializer
y.tab.c:755: warning: (near initialization for ‘yytname’)
y.tab.c:755: warning: excess elements in scalar initializer
y.tab.c:755: warning: (near initialization for ‘yytname’)
y.tab.c:755: warning: excess elements in scalar initializer
y.tab.c:755: warning: (near initialization for ‘yytname’)
y.tab.c:755: warning: excess elements in scalar initializer
y.tab.c:755: warning: (near initialization for ‘yytname’)
y.tab.c:756: warning: excess elements in scalar initializer
y.tab.c:756: warning: (near initialization for ‘yytname’)
y.tab.c:756: warning: excess elements in scalar initializer
y.tab.c:756: warning: (near initialization for ‘yytname’)
y.tab.c:756: warning: excess elements in scalar initializer
y.tab.c:756: warning: (near initialization for ‘yytname’)
y.tab.c:756: warning: excess elements in scalar initializer
y.tab.c:756: warning: (near initialization for ‘yytname’)
y.tab.c:756: warning: excess elements in scalar initializer
y.tab.c:756: warning: (near initialization for ‘yytname’)
y.tab.c:757: warning: excess elements in scalar initializer
y.tab.c:757: warning: (near initialization for ‘yytname’)
y.tab.c:757: warning: excess elements in scalar initializer
y.tab.c:757: warning: (near initialization for ‘yytname’)
y.tab.c:757: warning: excess elements in scalar initializer
y.tab.c:757: warning: (near initialization for ‘yytname’)
y.tab.c:757: warning: excess elements in scalar initializer
y.tab.c:757: warning: (near initialization for ‘yytname’)
y.tab.c:757: warning: excess elements in scalar initializer
y.tab.c:757: warning: (near initialization for ‘yytname’)
y.tab.c:758: warning: excess elements in scalar initializer
y.tab.c:758: warning: (near initialization for ‘yytname’)
y.tab.c:758: warning: excess elements in scalar initializer
y.tab.c:758: warning: (near initialization for ‘yytname’)
y.tab.c:758: warning: excess elements in scalar initializer
y.tab.c:758: warning: (near initialization for ‘yytname’)
y.tab.c:758: warning: excess elements in scalar initializer
y.tab.c:758: warning: (near initialization for ‘yytname’)
y.tab.c:758: warning: excess elements in scalar initializer
y.tab.c:758: warning: (near initialization for ‘yytname’)
y.tab.c:759: warning: excess elements in scalar initializer
y.tab.c:759: warning: (near initialization for ‘yytname’)
y.tab.c:759: warning: excess elements in scalar initializer
y.tab.c:759: warning: (near initialization for ‘yytname’)
y.tab.c:759: warning: excess elements in scalar initializer
y.tab.c:759: warning: (near initialization for ‘yytname’)
y.tab.c:759: warning: excess elements in scalar initializer
y.tab.c:759: warning: (near initialization for ‘yytname’)
y.tab.c:759: warning: excess elements in scalar initializer
y.tab.c:759: warning: (near initialization for ‘yytname’)
y.tab.c:760: warning: excess elements in scalar initializer
y.tab.c:760: warning: (near initialization for ‘yytname’)
y.tab.c:760: warning: excess elements in scalar initializer
y.tab.c:760: warning: (near initialization for ‘yytname’)
y.tab.c:760: warning: excess elements in scalar initializer
y.tab.c:760: warning: (near initialization for ‘yytname’)
y.tab.c:760: warning: excess elements in scalar initializer
y.tab.c:760: warning: (near initialization for ‘yytname’)
y.tab.c:760: warning: excess elements in scalar initializer
y.tab.c:760: warning: (near initialization for ‘yytname’)
y.tab.c:761: warning: excess elements in scalar initializer
y.tab.c:761: warning: (near initialization for ‘yytname’)
y.tab.c:761: warning: excess elements in scalar initializer
y.tab.c:761: warning: (near initialization for ‘yytname’)
y.tab.c:761: warning: excess elements in scalar initializer
y.tab.c:761: warning: (near initialization for ‘yytname’)
y.tab.c:761: warning: excess elements in scalar initializer
y.tab.c:761: warning: (near initialization for ‘yytname’)
y.tab.c:761: warning: excess elements in scalar initializer
y.tab.c:761: warning: (near initialization for ‘yytname’)
y.tab.c:762: warning: excess elements in scalar initializer
y.tab.c:762: warning: (near initialization for ‘yytname’)
y.tab.c:762: warning: excess elements in scalar initializer
y.tab.c:762: warning: (near initialization for ‘yytname’)
y.tab.c:762: warning: excess elements in scalar initializer
y.tab.c:762: warning: (near initialization for ‘yytname’)
y.tab.c:762: warning: excess elements in scalar initializer
y.tab.c:762: warning: (near initialization for ‘yytname’)
y.tab.c:762: warning: excess elements in scalar initializer
y.tab.c:762: warning: (near initialization for ‘yytname’)
y.tab.c:763: warning: excess elements in scalar initializer
y.tab.c:763: warning: (near initialization for ‘yytname’)
y.tab.c:763: warning: excess elements in scalar initializer
y.tab.c:763: warning: (near initialization for ‘yytname’)
y.tab.c:763: warning: excess elements in scalar initializer
y.tab.c:763: warning: (near initialization for ‘yytname’)
y.tab.c:763: warning: excess elements in scalar initializer
y.tab.c:763: warning: (near initialization for ‘yytname’)
y.tab.c:764: warning: excess elements in scalar initializer
y.tab.c:764: warning: (near initialization for ‘yytname’)
y.tab.c:764: warning: excess elements in scalar initializer
y.tab.c:764: warning: (near initialization for ‘yytname’)
y.tab.c:764: warning: excess elements in scalar initializer
y.tab.c:764: warning: (near initialization for ‘yytname’)
y.tab.c:764: warning: excess elements in scalar initializer
y.tab.c:764: warning: (near initialization for ‘yytname’)
y.tab.c:765: warning: excess elements in scalar initializer
y.tab.c:765: warning: (near initialization for ‘yytname’)
y.tab.c:765: warning: excess elements in scalar initializer
y.tab.c:765: warning: (near initialization for ‘yytname’)
y.tab.c:765: warning: excess elements in scalar initializer
y.tab.c:765: warning: (near initialization for ‘yytname’)
y.tab.c:765: warning: excess elements in scalar initializer
y.tab.c:765: warning: (near initialization for ‘yytname’)
y.tab.c:766: warning: excess elements in scalar initializer
y.tab.c:766: warning: (near initialization for ‘yytname’)
y.tab.c:766: warning: excess elements in scalar initializer
y.tab.c:766: warning: (near initialization for ‘yytname’)
y.tab.c:766: warning: excess elements in scalar initializer
y.tab.c:766: warning: (near initialization for ‘yytname’)
y.tab.c:766: warning: excess elements in scalar initializer
y.tab.c:766: warning: (near initialization for ‘yytname’)
y.tab.c:766: warning: excess elements in scalar initializer
y.tab.c:766: warning: (near initialization for ‘yytname’)
y.tab.c:766: warning: excess elements in scalar initializer
y.tab.c:766: warning: (near initialization for ‘yytname’)
y.tab.c:766: warning: excess elements in scalar initializer
y.tab.c:766: warning: (near initialization for ‘yytname’)
y.tab.c:766: warning: excess elements in scalar initializer
y.tab.c:766: warning: (near initialization for ‘yytname’)
y.tab.c:766: warning: excess elements in scalar initializer
y.tab.c:766: warning: (near initialization for ‘yytname’)
y.tab.c:767: warning: excess elements in scalar initializer
y.tab.c:767: warning: (near initialization for ‘yytname’)
y.tab.c:767: warning: excess elements in scalar initializer
y.tab.c:767: warning: (near initialization for ‘yytname’)
y.tab.c:767: warning: excess elements in scalar initializer
y.tab.c:767: warning: (near initialization for ‘yytname’)
y.tab.c:767: warning: excess elements in scalar initializer
y.tab.c:767: warning: (near initialization for ‘yytname’)
y.tab.c:767: warning: excess elements in scalar initializer
y.tab.c:767: warning: (near initialization for ‘yytname’)
y.tab.c:767: warning: excess elements in scalar initializer
y.tab.c:767: warning: (near initialization for ‘yytname’)
y.tab.c:767: warning: excess elements in scalar initializer
y.tab.c:767: warning: (near initialization for ‘yytname’)
y.tab.c:767: warning: excess elements in scalar initializer
y.tab.c:767: warning: (near initialization for ‘yytname’)
y.tab.c:767: warning: excess elements in scalar initializer
y.tab.c:767: warning: (near initialization for ‘yytname’)
y.tab.c:767: warning: excess elements in scalar initializer
y.tab.c:767: warning: (near initialization for ‘yytname’)
y.tab.c:768: warning: excess elements in scalar initializer
y.tab.c:768: warning: (near initialization for ‘yytname’)
y.tab.c:768: warning: excess elements in scalar initializer
y.tab.c:768: warning: (near initialization for ‘yytname’)
y.tab.c:768: warning: excess elements in scalar initializer
y.tab.c:768: warning: (near initialization for ‘yytname’)
y.tab.c:768: warning: excess elements in scalar initializer
y.tab.c:768: warning: (near initialization for ‘yytname’)
y.tab.c:768: warning: excess elements in scalar initializer
y.tab.c:768: warning: (near initialization for ‘yytname’)
y.tab.c:768: warning: excess elements in scalar initializer
y.tab.c:768: warning: (near initialization for ‘yytname’)
y.tab.c:769: warning: excess elements in scalar initializer
y.tab.c:769: warning: (near initialization for ‘yytname’)
y.tab.c:769: warning: excess elements in scalar initializer
y.tab.c:769: warning: (near initialization for ‘yytname’)
y.tab.c:769: warning: excess elements in scalar initializer
y.tab.c:769: warning: (near initialization for ‘yytname’)
y.tab.c:769: warning: excess elements in scalar initializer
y.tab.c:769: warning: (near initialization for ‘yytname’)
y.tab.c:770: warning: excess elements in scalar initializer
y.tab.c:770: warning: (near initialization for ‘yytname’)
y.tab.c:770: warning: excess elements in scalar initializer
y.tab.c:770: warning: (near initialization for ‘yytname’)
y.tab.c:770: warning: excess elements in scalar initializer
y.tab.c:770: warning: (near initialization for ‘yytname’)
y.tab.c:770: warning: excess elements in scalar initializer
y.tab.c:770: warning: (near initialization for ‘yytname’)
y.tab.c:770: warning: excess elements in scalar initializer
y.tab.c:770: warning: (near initialization for ‘yytname’)
y.tab.c:771: warning: excess elements in scalar initializer
y.tab.c:771: warning: (near initialization for ‘yytname’)
y.tab.c:771: warning: excess elements in scalar initializer
y.tab.c:771: warning: (near initialization for ‘yytname’)
y.tab.c:771: warning: excess elements in scalar initializer
y.tab.c:771: warning: (near initialization for ‘yytname’)
y.tab.c:771: warning: excess elements in scalar initializer
y.tab.c:771: warning: (near initialization for ‘yytname’)
y.tab.c:771: warning: excess elements in scalar initializer
y.tab.c:771: warning: (near initialization for ‘yytname’)
y.tab.c:772: warning: excess elements in scalar initializer
y.tab.c:772: warning: (near initialization for ‘yytname’)
y.tab.c:772: warning: excess elements in scalar initializer
y.tab.c:772: warning: (near initialization for ‘yytname’)
y.tab.c:772: warning: excess elements in scalar initializer
y.tab.c:772: warning: (near initialization for ‘yytname’)
y.tab.c:772: warning: excess elements in scalar initializer
y.tab.c:772: warning: (near initialization for ‘yytname’)
y.tab.c:773: warning: excess elements in scalar initializer
y.tab.c:773: warning: (near initialization for ‘yytname’)
y.tab.c:773: warning: excess elements in scalar initializer
y.tab.c:773: warning: (near initialization for ‘yytname’)
y.tab.c:773: warning: excess elements in scalar initializer
y.tab.c:773: warning: (near initialization for ‘yytname’)
y.tab.c:773: warning: excess elements in scalar initializer
y.tab.c:773: warning: (near initialization for ‘yytname’)
y.tab.c:773: warning: excess elements in scalar initializer
y.tab.c:773: warning: (near initialization for ‘yytname’)
y.tab.c:774: warning: excess elements in scalar initializer
y.tab.c:774: warning: (near initialization for ‘yytname’)
y.tab.c:774: warning: excess elements in scalar initializer
y.tab.c:774: warning: (near initialization for ‘yytname’)
y.tab.c:774: warning: excess elements in scalar initializer
y.tab.c:774: warning: (near initialization for ‘yytname’)
y.tab.c:775: warning: excess elements in scalar initializer
y.tab.c:775: warning: (near initialization for ‘yytname’)
y.tab.c:775: warning: excess elements in scalar initializer
y.tab.c:775: warning: (near initialization for ‘yytname’)
y.tab.c:775: warning: excess elements in scalar initializer
y.tab.c:775: warning: (near initialization for ‘yytname’)
y.tab.c:775: warning: excess elements in scalar initializer
y.tab.c:775: warning: (near initialization for ‘yytname’)
y.tab.c:775: warning: excess elements in scalar initializer
y.tab.c:775: warning: (near initialization for ‘yytname’)
y.tab.c:775: warning: excess elements in scalar initializer
y.tab.c:775: warning: (near initialization for ‘yytname’)
y.tab.c:775: warning: excess elements in scalar initializer
y.tab.c:775: warning: (near initialization for ‘yytname’)
y.tab.c:776: warning: excess elements in scalar initializer
y.tab.c:776: warning: (near initialization for ‘yytname’)
y.tab.c:776: warning: excess elements in scalar initializer
y.tab.c:776: warning: (near initialization for ‘yytname’)
y.tab.c:776: warning: excess elements in scalar initializer
y.tab.c:776: warning: (near initialization for ‘yytname’)
y.tab.c:776: warning: excess elements in scalar initializer
y.tab.c:776: warning: (near initialization for ‘yytname’)
y.tab.c:777: warning: excess elements in scalar initializer
y.tab.c:777: warning: (near initialization for ‘yytname’)
y.tab.c:777: warning: excess elements in scalar initializer
y.tab.c:777: warning: (near initialization for ‘yytname’)
y.tab.c:777: warning: excess elements in scalar initializer
y.tab.c:777: warning: (near initialization for ‘yytname’)
y.tab.c:777: warning: excess elements in scalar initializer
y.tab.c:777: warning: (near initialization for ‘yytname’)
y.tab.c:778: warning: excess elements in scalar initializer
y.tab.c:778: warning: (near initialization for ‘yytname’)
y.tab.c:778: warning: excess elements in scalar initializer
y.tab.c:778: warning: (near initialization for ‘yytname’)
y.tab.c:778: warning: excess elements in scalar initializer
y.tab.c:778: warning: (near initialization for ‘yytname’)
y.tab.c:778: warning: excess elements in scalar initializer
y.tab.c:778: warning: (near initialization for ‘yytname’)
y.tab.c:779: warning: excess elements in scalar initializer
y.tab.c:779: warning: (near initialization for ‘yytname’)
y.tab.c:779: warning: excess elements in scalar initializer
y.tab.c:779: warning: (near initialization for ‘yytname’)
y.tab.c:779: warning: excess elements in scalar initializer
y.tab.c:779: warning: (near initialization for ‘yytname’)
y.tab.c:779: warning: excess elements in scalar initializer
y.tab.c:779: warning: (near initialization for ‘yytname’)
y.tab.c:779: warning: excess elements in scalar initializer
y.tab.c:779: warning: (near initialization for ‘yytname’)
y.tab.c:780: warning: excess elements in scalar initializer
y.tab.c:780: warning: (near initialization for ‘yytname’)
y.tab.c:780: warning: excess elements in scalar initializer
y.tab.c:780: warning: (near initialization for ‘yytname’)
y.tab.c:780: warning: excess elements in scalar initializer
y.tab.c:780: warning: (near initialization for ‘yytname’)
y.tab.c:781: warning: excess elements in scalar initializer
y.tab.c:781: warning: (near initialization for ‘yytname’)
y.tab.c:781: warning: excess elements in scalar initializer
y.tab.c:781: warning: (near initialization for ‘yytname’)
y.tab.c:781: warning: excess elements in scalar initializer
y.tab.c:781: warning: (near initialization for ‘yytname’)
y.tab.c:781: warning: excess elements in scalar initializer
y.tab.c:781: warning: (near initialization for ‘yytname’)
y.tab.c:781: warning: excess elements in scalar initializer
y.tab.c:781: warning: (near initialization for ‘yytname’)
y.tab.c:782: warning: excess elements in scalar initializer
y.tab.c:782: warning: (near initialization for ‘yytname’)
y.tab.c:782: warning: excess elements in scalar initializer
y.tab.c:782: warning: (near initialization for ‘yytname’)
y.tab.c:782: warning: excess elements in scalar initializer
y.tab.c:782: warning: (near initialization for ‘yytname’)
y.tab.c:782: warning: excess elements in scalar initializer
y.tab.c:782: warning: (near initialization for ‘yytname’)
y.tab.c:782: warning: excess elements in scalar initializer
y.tab.c:782: warning: (near initialization for ‘yytname’)
y.tab.c:783: warning: excess elements in scalar initializer
y.tab.c:783: warning: (near initialization for ‘yytname’)
y.tab.c:783: warning: excess elements in scalar initializer
y.tab.c:783: warning: (near initialization for ‘yytname’)
y.tab.c:783: warning: excess elements in scalar initializer
y.tab.c:783: warning: (near initialization for ‘yytname’)
y.tab.c:783: warning: excess elements in scalar initializer
y.tab.c:783: warning: (near initialization for ‘yytname’)
y.tab.c:784: warning: excess elements in scalar initializer
y.tab.c:784: warning: (near initialization for ‘yytname’)
y.tab.c:784: warning: excess elements in scalar initializer
y.tab.c:784: warning: (near initialization for ‘yytname’)
y.tab.c:784: warning: excess elements in scalar initializer
y.tab.c:784: warning: (near initialization for ‘yytname’)
y.tab.c:784: warning: excess elements in scalar initializer
y.tab.c:784: warning: (near initialization for ‘yytname’)
y.tab.c:784: warning: excess elements in scalar initializer
y.tab.c:784: warning: (near initialization for ‘yytname’)
y.tab.c:785: warning: excess elements in scalar initializer
y.tab.c:785: warning: (near initialization for ‘yytname’)
y.tab.c:785: warning: excess elements in scalar initializer
y.tab.c:785: warning: (near initialization for ‘yytname’)
y.tab.c:785: warning: excess elements in scalar initializer
y.tab.c:785: warning: (near initialization for ‘yytname’)
y.tab.c:785: warning: excess elements in scalar initializer
y.tab.c:785: warning: (near initialization for ‘yytname’)
y.tab.c:785: warning: excess elements in scalar initializer
y.tab.c:785: warning: (near initialization for ‘yytname’)
y.tab.c:786: warning: excess elements in scalar initializer
y.tab.c:786: warning: (near initialization for ‘yytname’)
y.tab.c:786: warning: excess elements in scalar initializer
y.tab.c:786: warning: (near initialization for ‘yytname’)
y.tab.c:786: warning: excess elements in scalar initializer
y.tab.c:786: warning: (near initialization for ‘yytname’)
y.tab.c:786: warning: excess elements in scalar initializer
y.tab.c:786: warning: (near initialization for ‘yytname’)
y.tab.c:786: warning: excess elements in scalar initializer
y.tab.c:786: warning: (near initialization for ‘yytname’)
y.tab.c:786: warning: excess elements in scalar initializer
y.tab.c:786: warning: (near initialization for ‘yytname’)
y.tab.c:787: warning: excess elements in scalar initializer
y.tab.c:787: warning: (near initialization for ‘yytname’)
y.tab.c:787: warning: excess elements in scalar initializer
y.tab.c:787: warning: (near initialization for ‘yytname’)
y.tab.c:787: warning: excess elements in scalar initializer
y.tab.c:787: warning: (near initialization for ‘yytname’)
y.tab.c:787: warning: excess elements in scalar initializer
y.tab.c:787: warning: (near initialization for ‘yytname’)
y.tab.c:788: warning: excess elements in scalar initializer
y.tab.c:788: warning: (near initialization for ‘yytname’)
y.tab.c:788: warning: excess elements in scalar initializer
y.tab.c:788: warning: (near initialization for ‘yytname’)
y.tab.c:788: warning: excess elements in scalar initializer
y.tab.c:788: warning: (near initialization for ‘yytname’)
y.tab.c:789: warning: excess elements in scalar initializer
y.tab.c:789: warning: (near initialization for ‘yytname’)
y.tab.c:789: warning: excess elements in scalar initializer
y.tab.c:789: warning: (near initialization for ‘yytname’)
y.tab.c:789: warning: excess elements in scalar initializer
y.tab.c:789: warning: (near initialization for ‘yytname’)
y.tab.c:790: warning: excess elements in scalar initializer
y.tab.c:790: warning: (near initialization for ‘yytname’)
y.tab.c:790: warning: excess elements in scalar initializer
y.tab.c:790: warning: (near initialization for ‘yytname’)
y.tab.c:790: warning: excess elements in scalar initializer
y.tab.c:790: warning: (near initialization for ‘yytname’)
y.tab.c:790: warning: excess elements in scalar initializer
y.tab.c:790: warning: (near initialization for ‘yytname’)
y.tab.c:791: warning: excess elements in scalar initializer
y.tab.c:791: warning: (near initialization for ‘yytname’)
y.tab.c:791: warning: excess elements in scalar initializer
y.tab.c:791: warning: (near initialization for ‘yytname’)
y.tab.c:791: warning: excess elements in scalar initializer
y.tab.c:791: warning: (near initialization for ‘yytname’)
y.tab.c:792: warning: excess elements in scalar initializer
y.tab.c:792: warning: (near initialization for ‘yytname’)
y.tab.c:792: warning: excess elements in scalar initializer
y.tab.c:792: warning: (near initialization for ‘yytname’)
y.tab.c:792: warning: excess elements in scalar initializer
y.tab.c:792: warning: (near initialization for ‘yytname’)
y.tab.c:793: warning: excess elements in scalar initializer
y.tab.c:793: warning: (near initialization for ‘yytname’)
y.tab.c:793: warning: excess elements in scalar initializer
y.tab.c:793: warning: (near initialization for ‘yytname’)
y.tab.c:793: warning: excess elements in scalar initializer
y.tab.c:793: warning: (near initialization for ‘yytname’)
y.tab.c:793: warning: excess elements in scalar initializer
y.tab.c:793: warning: (near initialization for ‘yytname’)
y.tab.c:794: warning: excess elements in scalar initializer
y.tab.c:794: warning: (near initialization for ‘yytname’)
y.tab.c:794: warning: excess elements in scalar initializer
y.tab.c:794: warning: (near initialization for ‘yytname’)
y.tab.c:794: warning: excess elements in scalar initializer
y.tab.c:794: warning: (near initialization for ‘yytname’)
y.tab.c:794: warning: excess elements in scalar initializer
y.tab.c:794: warning: (near initialization for ‘yytname’)
y.tab.c:795: warning: excess elements in scalar initializer
y.tab.c:795: warning: (near initialization for ‘yytname’)
y.tab.c:795: warning: excess elements in scalar initializer
y.tab.c:795: warning: (near initialization for ‘yytname’)
y.tab.c:795: warning: excess elements in scalar initializer
y.tab.c:795: warning: (near initialization for ‘yytname’)
y.tab.c:796: warning: excess elements in scalar initializer
y.tab.c:796: warning: (near initialization for ‘yytname’)
y.tab.c:796: warning: excess elements in scalar initializer
y.tab.c:796: warning: (near initialization for ‘yytname’)
y.tab.c:796: warning: excess elements in scalar initializer
y.tab.c:796: warning: (near initialization for ‘yytname’)
y.tab.c:797: warning: excess elements in scalar initializer
y.tab.c:797: warning: (near initialization for ‘yytname’)
y.tab.c:797: warning: excess elements in scalar initializer
y.tab.c:797: warning: (near initialization for ‘yytname’)
y.tab.c:797: warning: excess elements in scalar initializer
y.tab.c:797: warning: (near initialization for ‘yytname’)
y.tab.c:797: warning: excess elements in scalar initializer
y.tab.c:797: warning: (near initialization for ‘yytname’)
y.tab.c:798: warning: excess elements in scalar initializer
y.tab.c:798: warning: (near initialization for ‘yytname’)
y.tab.c:798: warning: excess elements in scalar initializer
y.tab.c:798: warning: (near initialization for ‘yytname’)
y.tab.c:798: warning: excess elements in scalar initializer
y.tab.c:798: warning: (near initialization for ‘yytname’)
y.tab.c:798: warning: excess elements in scalar initializer
y.tab.c:798: warning: (near initialization for ‘yytname’)
y.tab.c:799: warning: excess elements in scalar initializer
y.tab.c:799: warning: (near initialization for ‘yytname’)
y.tab.c:799: warning: excess elements in scalar initializer
y.tab.c:799: warning: (near initialization for ‘yytname’)
y.tab.c:799: warning: excess elements in scalar initializer
y.tab.c:799: warning: (near initialization for ‘yytname’)
y.tab.c:800: warning: excess elements in scalar initializer
y.tab.c:800: warning: (near initialization for ‘yytname’)
y.tab.c:800: warning: excess elements in scalar initializer
y.tab.c:800: warning: (near initialization for ‘yytname’)
y.tab.c:800: warning: excess elements in scalar initializer
y.tab.c:800: warning: (near initialization for ‘yytname’)
y.tab.c:800: warning: excess elements in scalar initializer
y.tab.c:800: warning: (near initialization for ‘yytname’)
y.tab.c:801: warning: excess elements in scalar initializer
y.tab.c:801: warning: (near initialization for ‘yytname’)
y.tab.c:801: warning: excess elements in scalar initializer
y.tab.c:801: warning: (near initialization for ‘yytname’)
y.tab.c:801: warning: excess elements in scalar initializer
y.tab.c:801: warning: (near initialization for ‘yytname’)
y.tab.c:801: warning: excess elements in scalar initializer
y.tab.c:801: warning: (near initialization for ‘yytname’)
y.tab.c:801: warning: excess elements in scalar initializer
y.tab.c:801: warning: (near initialization for ‘yytname’)
y.tab.c:802: warning: excess elements in scalar initializer
y.tab.c:802: warning: (near initialization for ‘yytname’)
y.tab.c:802: warning: excess elements in scalar initializer
y.tab.c:802: warning: (near initialization for ‘yytname’)
y.tab.c:802: warning: excess elements in scalar initializer
y.tab.c:802: warning: (near initialization for ‘yytname’)
y.tab.c:802: warning: excess elements in scalar initializer
y.tab.c:802: warning: (near initialization for ‘yytname’)
y.tab.c:802: warning: excess elements in scalar initializer
y.tab.c:802: warning: (near initialization for ‘yytname’)
y.tab.c:803: warning: excess elements in scalar initializer
y.tab.c:803: warning: (near initialization for ‘yytname’)
y.tab.c:803: warning: excess elements in scalar initializer
y.tab.c:803: warning: (near initialization for ‘yytname’)
y.tab.c:803: warning: excess elements in scalar initializer
y.tab.c:803: warning: (near initialization for ‘yytname’)
y.tab.c:804: warning: excess elements in scalar initializer
y.tab.c:804: warning: (near initialization for ‘yytname’)
y.tab.c:824: error: expected ‘=’, ‘,’, ‘;’, ‘asm’ or ‘__attribute__’ before ‘__IDL_r1’
y.tab.c:854: error: expected declaration specifiers before ‘;’ token
y.tab.c:857: error: expected ‘=’, ‘,’, ‘;’, ‘asm’ or ‘__attribute__’ before ‘__IDL_r2’
y.tab.c:887: error: expected declaration specifiers before ‘;’ token
y.tab.c:892: error: expected ‘=’, ‘,’, ‘;’, ‘asm’ or ‘__attribute__’ before ‘yydefact’
y.tab.c:934: error: expected declaration specifiers before ‘;’ token
y.tab.c:937: error: expected ‘=’, ‘,’, ‘;’, ‘asm’ or ‘__attribute__’ before ‘yydefgoto’
y.tab.c:954: error: expected declaration specifiers before ‘;’ token
y.tab.c:959: error: expected ‘=’, ‘,’, ‘;’, ‘asm’ or ‘__attribute__’ before ‘__IDL_pact’
y.tab.c:1001: error: expected declaration specifiers before ‘;’ token
y.tab.c:1004: error: expected ‘=’, ‘,’, ‘;’, ‘asm’ or ‘__attribute__’ before ‘yypgoto’
y.tab.c:1021: error: expected declaration specifiers before ‘;’ token
y.tab.c:1028: error: expected ‘=’, ‘,’, ‘;’, ‘asm’ or ‘__attribute__’ before ‘__IDL_table’
y.tab.c:1100: error: expected declaration specifiers before ‘;’ token
y.tab.c:1102: error: expected ‘=’, ‘,’, ‘;’, ‘asm’ or ‘__attribute__’ before ‘__IDL_check’
y.tab.c:1174: error: expected declaration specifiers before ‘;’ token
y.tab.c:1178: error: expected ‘=’, ‘,’, ‘;’, ‘asm’ or ‘__attribute__’ before ‘yystos’
y.tab.c:1220: error: expected declaration specifiers before ‘;’ token
y.tab.c:1346: error: expected declaration specifiers or ‘...’ before ‘YYSTYPE’
y.tab.c:1354: error: expected ‘=’, ‘,’, ‘;’, ‘asm’ or ‘__attribute__’ before ‘{’ token
y.tab.c:1378: error: expected declaration specifiers or ‘...’ before ‘YYSTYPE’
y.tab.c:1386: error: expected ‘=’, ‘,’, ‘;’, ‘asm’ or ‘__attribute__’ before ‘{’ token
y.tab.c:1404: error: expected ‘)’ before ‘*’ token
y.tab.c:1432: error: expected ‘)’ before ‘*’ token
y.tab.c:1532: error: expected ‘=’, ‘,’, ‘;’, ‘asm’ or ‘__attribute__’ before ‘{’ token
y.tab.c:1554: error: expected ‘=’, ‘,’, ‘;’, ‘asm’ or ‘__attribute__’ before ‘{’ token
y.tab.c:1601: error: expected ‘=’, ‘,’, ‘;’, ‘asm’ or ‘__attribute__’ before ‘{’ token
y.tab.c:1710: error: expected declaration specifiers or ‘...’ before ‘YYSTYPE’
y.tab.c:1718: error: expected ‘=’, ‘,’, ‘;’, ‘asm’ or ‘__attribute__’ before ‘{’ token
y.tab.c:1756: error: expected declaration specifiers before ‘YYSTYPE’
y.tab.c:1788: error: expected ‘=’, ‘,’, ‘;’, ‘asm’ or ‘__attribute__’ before ‘{’ token
./parser.y:1444: error: expected ‘=’, ‘,’, ‘;’, ‘asm’ or ‘__attribute__’ before ‘{’ token
./parser.y:1449: error: expected ‘=’, ‘,’, ‘;’, ‘asm’ or ‘__attribute__’ before ‘{’ token
./parser.y:1462: error: expected declaration specifiers before ‘gchar’
./parser.y:1494: error: expected ‘=’, ‘,’, ‘;’, ‘asm’ or ‘__attribute__’ before ‘{’ token
./parser.y:1537: error: expected ‘=’, ‘,’, ‘;’, ‘asm’ or ‘__attribute__’ before ‘{’ token
./parser.y:1572: error: expected ‘=’, ‘,’, ‘;’, ‘asm’ or ‘__attribute__’ before ‘{’ token
./parser.y:1604: error: expected ‘=’, ‘,’, ‘;’, ‘asm’ or ‘__attribute__’ before ‘{’ token
./parser.y:1649: error: expected ‘=’, ‘,’, ‘;’, ‘asm’ or ‘__attribute__’ before ‘{’ token
./parser.y:1656: error: expected ‘=’, ‘,’, ‘;’, ‘asm’ or ‘__attribute__’ before ‘{’ token
./parser.y:1663: error: expected ‘=’, ‘,’, ‘;’, ‘asm’ or ‘__attribute__’ before ‘{’ token
./parser.y:1671: error: expected ‘=’, ‘,’, ‘;’, ‘asm’ or ‘__attribute__’ before ‘{’ token
./parser.y:1679: error: expected ‘=’, ‘,’, ‘;’, ‘asm’ or ‘__attribute__’ before ‘{’ token
./parser.y:1687: error: expected ‘=’, ‘,’, ‘;’, ‘asm’ or ‘__attribute__’ before ‘{’ token
./parser.y:1695: error: expected ‘=’, ‘,’, ‘;’, ‘asm’ or ‘__attribute__’ before ‘{’ token
./parser.y:1722: error: expected ‘=’, ‘,’, ‘;’, ‘asm’ or ‘__attribute__’ before ‘{’ token
./parser.y:1739: error: expected ‘=’, ‘,’, ‘;’, ‘asm’ or ‘__attribute__’ before ‘{’ token
./parser.y:1785: error: expected ‘=’, ‘,’, ‘;’, ‘asm’ or ‘__attribute__’ before ‘{’ token
./parser.y:1796: error: expected ‘=’, ‘,’, ‘;’, ‘asm’ or ‘__attribute__’ before ‘{’ token
./parser.y:1815: error: expected ‘=’, ‘,’, ‘;’, ‘asm’ or ‘__attribute__’ before ‘{’ token
./parser.y:1824: error: expected ‘=’, ‘,’, ‘;’, ‘asm’ or ‘__attribute__’ before ‘{’ token
./parser.y:1833: error: expected ‘=’, ‘,’, ‘;’, ‘asm’ or ‘__attribute__’ before ‘{’ token
./parser.y:1845: error: expected ‘=’, ‘,’, ‘;’, ‘asm’ or ‘__attribute__’ before ‘{’ token
./parser.y:1862: error: expected ‘=’, ‘,’, ‘;’, ‘asm’ or ‘__attribute__’ before ‘{’ token
./parser.y:1870: error: expected ‘=’, ‘,’, ‘;’, ‘asm’ or ‘__attribute__’ before ‘{’ token
./parser.y:1909: error: expected ‘=’, ‘,’, ‘;’, ‘asm’ or ‘__attribute__’ before ‘{’ token
./parser.y:1929: error: expected ‘=’, ‘,’, ‘;’, ‘asm’ or ‘__attribute__’ before ‘{’ token
./parser.y:1988: error: expected ‘=’, ‘,’, ‘;’, ‘asm’ or ‘__attribute__’ before ‘{’ token
./parser.y:2022: error: expected ‘=’, ‘,’, ‘;’, ‘asm’ or ‘__attribute__’ before ‘{’ token
./parser.y:2033: error: expected ‘=’, ‘,’, ‘;’, ‘asm’ or ‘__attribute__’ before ‘{’ token
./parser.y:2056: error: expected ‘=’, ‘,’, ‘;’, ‘asm’ or ‘__attribute__’ before ‘{’ token
./parser.y:2074: error: expected ‘=’, ‘,’, ‘;’, ‘asm’ or ‘__attribute__’ before ‘{’ token
./parser.y:2096: error: expected ‘=’, ‘,’, ‘;’, ‘asm’ or ‘__attribute__’ before ‘{’ token
./parser.y:2106: error: expected ‘=’, ‘,’, ‘;’, ‘asm’ or ‘__attribute__’ before ‘{’ token
./parser.y:2153: error: expected ‘=’, ‘,’, ‘;’, ‘asm’ or ‘__attribute__’ before ‘{’ token
./parser.y:2157: error: old-style parameter declarations in prototyped function definition
./parser.y:2157: error: expected ‘{’ at end of input
make[3]: *** [libIDL_2_la-parser.lo] Error 1
make[3]: *** Waiting for unfinished jobs....
 i586-castorbox-linux-gnu-gcc -DPACKAGE_NAME=\"libIDL\" -DPACKAGE_TARNAME=\"libIDL\" -DPACKAGE_VERSION=\"0.8.11\" "-DPACKAGE_STRING=\"libIDL 0.8.11\"" "-DPACKAGE_BUGREPORT=\"http://bugzilla.gnome.org/enter_bug.cgi?product=libIDL\"" -DLIBIDL_VERSION=\"0.8.11\" -DHAVE_CPP_PIPE_STDIN=1 -DCPP_NOSTDINC=\"-I-\" -DCPP_PROGRAM=\"i586-castorbox-linux-gnu-cpp\" -DSTDC_HEADERS=1 -DHAVE_SYS_TYPES_H=1 -DHAVE_SYS_STAT_H=1 -DHAVE_STDLIB_H=1 -DHAVE_STRING_H=1 -DHAVE_MEMORY_H=1 -DHAVE_STRINGS_H=1 -DHAVE_INTTYPES_H=1 -DHAVE_STDINT_H=1 -DHAVE_UNISTD_H=1 -DHAVE_DLFCN_H=1 -DSTDC_HEADERS=1 -DHAVE_STDDEF_H=1 -DHAVE_UNISTD_H=1 -DHAVE_WCHAR_H=1 -DHAVE_POPEN=1 -DHAVE_SYMLINK=1 -DHAVE_ACCESS=1 -DSIZEOF_LONG_LONG=8 -I. -DYYDEBUG=1 -DYYERROR_VERBOSE=1 -I/home/pablo/gar-castorbox/images/main/home/pablo/gar-castorbox/images/main//usr/include/glib-2.0 -I/home/pablo/gar-castorbox/images/main/home/pablo/gar-castorbox/images/main//usr/lib/glib-2.0/include -I./include -DG_LOG_DOMAIN=\"libIDL\" -Wall -Wunused -Wmissing-prototypes -Wmissing-declarations -DLIBIDL_COMPILATION -pipe -march=c3-2 -Os -mfpmath=sse -ffast-math -m32 -MT libIDL_2_la-lexer.lo -MD -MP -MF .deps/libIDL_2_la-lexer.Tpo -c lexer.c  -fPIC -DPIC -o .libs/libIDL_2_la-lexer.o
./lexer.l:30:18: error: glib.h: No such file or directory
In file included from util.h:36,
                 from ./lexer.l:32:
./include/libIDL/IDL.h:110: error: expected ‘=’, ‘,’, ‘;’, ‘asm’ or ‘__attribute__’ before ‘IDL_longlong_t’
./include/libIDL/IDL.h:111: error: expected ‘=’, ‘,’, ‘;’, ‘asm’ or ‘__attribute__’ before ‘IDL_ulonglong_t’
./include/libIDL/IDL.h:136: error: expected specifier-qualifier-list before ‘GHashTable’
./include/libIDL/IDL.h:144: error: expected ‘)’ before ‘hash_func’
./include/libIDL/IDL.h:155: error: expected specifier-qualifier-list before ‘IDL_longlong_t’
./include/libIDL/IDL.h:158: error: expected ‘)’ before ‘value’
./include/libIDL/IDL.h:205: error: expected specifier-qualifier-list before ‘GSList’
./include/libIDL/IDL.h:469: error: expected specifier-qualifier-list before ‘GSList’
./include/libIDL/IDL.h:473: error: expected declaration specifiers or ‘...’ before ‘GSList’
./include/libIDL/IDL.h:479: error: expected specifier-qualifier-list before ‘gboolean’
./include/libIDL/IDL.h:483: error: expected declaration specifiers or ‘...’ before ‘gboolean’
./include/libIDL/IDL.h:483: error: expected declaration specifiers or ‘...’ before ‘gboolean’
./include/libIDL/IDL.h:551: error: expected specifier-qualifier-list before ‘GHashTable’
./include/libIDL/IDL.h:648: error: expected specifier-qualifier-list before ‘GHashTable’
./include/libIDL/IDL.h:672: error: expected declaration specifiers or ‘...’ before ‘gpointer’
./include/libIDL/IDL.h:690: error: expected specifier-qualifier-list before ‘glong’
./include/libIDL/IDL.h:700: error: expected specifier-qualifier-list before ‘gint’
./include/libIDL/IDL.h:705: error: expected declaration specifiers or ‘...’ before ‘*’ token
./include/libIDL/IDL.h:706: error: expected declaration specifiers or ‘...’ before ‘gpointer’
./include/libIDL/IDL.h:706: warning: type defaults to ‘int’ in declaration of ‘gboolean’
./include/libIDL/IDL.h:706: error: ‘gboolean’ declared as function returning a function
./include/libIDL/IDL.h:727: error: expected declaration specifiers or ‘...’ before ‘gpointer’
./include/libIDL/IDL.h:767: warning: no previous prototype for ‘IDL_tree_error’
./include/libIDL/IDL.h: In function ‘IDL_tree_error’:
./include/libIDL/IDL.h:767: error: expected declaration specifiers before ‘G_GNUC_PRINTF’
./include/libIDL/IDL.h:773: error: expected ‘=’, ‘,’, ‘;’, ‘asm’ or ‘__attribute__’ before ‘G_GNUC_PRINTF’
./include/libIDL/IDL.h:776: error: storage class specified for parameter ‘IDL_tree_property_get’
./include/libIDL/IDL.h:780: error: storage class specified for parameter ‘IDL_tree_property_set’
./include/libIDL/IDL.h:783: error: storage class specified for parameter ‘IDL_tree_property_remove’
./include/libIDL/IDL.h:783: error: ‘IDL_tree_property_remove’ declared as function returning a function
./include/libIDL/IDL.h:786: error: storage class specified for parameter ‘IDL_tree_properties_copy’
./include/libIDL/IDL.h:789: error: storage class specified for parameter ‘IDL_tree_remove_inhibits’
./include/libIDL/IDL.h:793: error: expected declaration specifiers or ‘...’ before ‘IDL_tree_func’
./include/libIDL/IDL.h:794: error: expected declaration specifiers or ‘...’ before ‘IDL_tree_func’
./include/libIDL/IDL.h:795: error: expected declaration specifiers or ‘...’ before ‘gpointer’
./include/libIDL/IDL.h:795: error: storage class specified for parameter ‘IDL_tree_walk’
./include/libIDL/IDL.h:799: error: expected declaration specifiers or ‘...’ before ‘glong’
./include/libIDL/IDL.h:800: error: expected declaration specifiers or ‘...’ before ‘IDL_tree_func’
./include/libIDL/IDL.h:801: error: expected declaration specifiers or ‘...’ before ‘IDL_tree_func’
./include/libIDL/IDL.h:802: error: expected declaration specifiers or ‘...’ before ‘gpointer’
./include/libIDL/IDL.h:802: error: storage class specified for parameter ‘IDL_tree_walk2’
./include/libIDL/IDL.h:805: error: expected declaration specifiers or ‘...’ before ‘IDL_tree_func’
./include/libIDL/IDL.h:806: error: expected declaration specifiers or ‘...’ before ‘gpointer’
./include/libIDL/IDL.h:806: error: storage class specified for parameter ‘IDL_tree_walk_in_order’
./include/libIDL/IDL.h:808: error: storage class specified for parameter ‘IDL_tree_free’
./include/libIDL/IDL.h:813: error: storage class specified for parameter ‘IDL_tree_to_IDL’
./include/libIDL/IDL.h:815: error: expected ‘=’, ‘,’, ‘;’, ‘asm’ or ‘__attribute__’ before ‘*’ token
./include/libIDL/IDL.h:820: error: storage class specified for parameter ‘IDL_tree_contains_node’
./include/libIDL/IDL.h:820: error: ‘IDL_tree_contains_node’ declared as function returning a function
./include/libIDL/IDL.h:823: error: expected declaration specifiers or ‘...’ before ‘gpointer’
./include/libIDL/IDL.h:823: error: storage class specified for parameter ‘IDL_tree_is_recursive’
./include/libIDL/IDL.h:823: error: ‘IDL_tree_is_recursive’ declared as function returning a function
./include/libIDL/IDL.h:825: error: expected ‘=’, ‘,’, ‘;’, ‘asm’ or ‘__attribute__’ before ‘*’ token
./include/libIDL/IDL.h:828: error: storage class specified for parameter ‘IDL_resolve_const_exp’
./include/libIDL/IDL.h:830: error: storage class specified for parameter ‘IDL_ns_new’
./include/libIDL/IDL.h:832: error: storage class specified for parameter ‘IDL_ns_free’
./include/libIDL/IDL.h:836: error: storage class specified for parameter ‘IDL_ns_resolve_this_scope_ident’
./include/libIDL/IDL.h:839: error: storage class specified for parameter ‘IDL_ns_resolve_ident’
./include/libIDL/IDL.h:844: error: storage class specified for parameter ‘IDL_ns_lookup_this_scope’
./include/libIDL/IDL.h:848: error: storage class specified for parameter ‘IDL_ns_lookup_cur_scope’
./include/libIDL/IDL.h:851: error: storage class specified for parameter ‘IDL_ns_place_new’
./include/libIDL/IDL.h:854: error: storage class specified for parameter ‘IDL_ns_push_scope’
./include/libIDL/IDL.h:856: error: storage class specified for parameter ‘IDL_ns_pop_scope’
./include/libIDL/IDL.h:858: error: storage class specified for parameter ‘IDL_ns_qualified_ident_new’
./include/libIDL/IDL.h:860: error: expected ‘=’, ‘,’, ‘;’, ‘asm’ or ‘__attribute__’ before ‘*’ token
./include/libIDL/IDL.h:866: error: storage class specified for parameter ‘IDL_ns_scope_levels_from_here’
./include/libIDL/IDL.h:868: error: expected ‘=’, ‘,’, ‘;’, ‘asm’ or ‘__attribute__’ before ‘*’ token
In file included from ./lexer.l:32:
util.h:47: error: storage class specified for parameter ‘IDL_fileinfo’
util.h:49: error: storage class specified for parameter ‘__IDL_error’
util.h:50: error: storage class specified for parameter ‘__IDL_errorl’
util.h:51: error: storage class specified for parameter ‘__IDL_warning’
util.h:52: error: storage class specified for parameter ‘__IDL_warningl’
util.h:54: error: expected ‘=’, ‘,’, ‘;’, ‘asm’ or ‘__attribute__’ before ‘G_GNUC_PRINTF’
util.h:56: error: expected ‘=’, ‘,’, ‘;’, ‘asm’ or ‘__attribute__’ before ‘G_GNUC_PRINTF’
util.h:58: error: expected ‘=’, ‘,’, ‘;’, ‘asm’ or ‘__attribute__’ before ‘G_GNUC_PRINTF’
util.h:60: error: expected ‘=’, ‘,’, ‘;’, ‘asm’ or ‘__attribute__’ before ‘G_GNUC_PRINTF’
util.h:62: error: expected ‘=’, ‘,’, ‘;’, ‘asm’ or ‘__attribute__’ before ‘G_GNUC_PRINTF’
util.h:64: error: expected ‘=’, ‘,’, ‘;’, ‘asm’ or ‘__attribute__’ before ‘G_GNUC_PRINTF’
util.h:66: error: expected ‘=’, ‘,’, ‘;’, ‘asm’ or ‘__attribute__’ before ‘IDL_strcase_hash’
util.h:67: error: expected ‘=’, ‘,’, ‘;’, ‘asm’ or ‘__attribute__’ before ‘IDL_strcase_equal’
util.h:68: error: expected ‘=’, ‘,’, ‘;’, ‘asm’ or ‘__attribute__’ before ‘IDL_strcase_cmp’
util.h:69: error: expected ‘=’, ‘,’, ‘;’, ‘asm’ or ‘__attribute__’ before ‘IDL_ident_hash’
util.h:70: error: expected ‘=’, ‘,’, ‘;’, ‘asm’ or ‘__attribute__’ before ‘IDL_ident_equal’
util.h:71: error: expected ‘=’, ‘,’, ‘;’, ‘asm’ or ‘__attribute__’ before ‘IDL_ident_cmp’
util.h:74: error: storage class specified for parameter ‘IDL_ns_check_for_ambiguous_inheritance’
util.h:75: error: storage class specified for parameter ‘IDL_tree_process_forward_dcls’
util.h:76: error: storage class specified for parameter ‘IDL_tree_remove_empty_modules’
util.h:78: error: expected ‘)’ before ‘*’ token
util.h:79: error: storage class specified for parameter ‘__IDL_assign_up_node’
util.h:80: error: storage class specified for parameter ‘__IDL_assign_location’
util.h:81: error: storage class specified for parameter ‘__IDL_assign_this_location’
util.h:82: error: storage class specified for parameter ‘__IDL_parser_reset’
util.h:83: error: storage class specified for parameter ‘__IDL_do_pragma’
util.h:85: error: storage class specified for parameter ‘__IDL_lex_init’
util.h:86: error: storage class specified for parameter ‘__IDL_lex_cleanup’
util.h:92: error: storage class specified for parameter ‘__IDL_real_filename’
util.h:93: error: storage class specified for parameter ‘__IDL_cur_filename’
util.h:94: error: storage class specified for parameter ‘__IDL_cur_line’
util.h:95: error: expected ‘=’, ‘,’, ‘;’, ‘asm’ or ‘__attribute__’ before ‘*’ token
util.h:96: error: expected ‘=’, ‘,’, ‘;’, ‘asm’ or ‘__attribute__’ before ‘*’ token
util.h:97: error: storage class specified for parameter ‘__IDL_prev_token_line’
util.h:98: error: storage class specified for parameter ‘__IDL_cur_token_line’
util.h:99: error: expected ‘=’, ‘,’, ‘;’, ‘asm’ or ‘__attribute__’ before ‘*’ token
util.h:100: error: storage class specified for parameter ‘__IDL_inhibits’
util.h:101: error: storage class specified for parameter ‘__IDL_typecodes_as_tok’
util.h:102: error: storage class specified for parameter ‘__IDL_pidl’
util.h:103: error: storage class specified for parameter ‘__IDL_root’
util.h:104: error: storage class specified for parameter ‘__IDL_root_ns’
util.h:105: error: storage class specified for parameter ‘__IDL_is_okay’
util.h:106: error: storage class specified for parameter ‘__IDL_is_parsing’
util.h:107: error: storage class specified for parameter ‘__IDL_flags’
util.h:108: error: storage class specified for parameter ‘__IDL_flagsi’
util.h:109: error: expected ‘=’, ‘,’, ‘;’, ‘asm’ or ‘__attribute__’ before ‘__IDL_inputcb_user_data’
util.h:110: error: storage class specified for parameter ‘__IDL_inputcb’
util.h:111: error: expected ‘=’, ‘,’, ‘;’, ‘asm’ or ‘__attribute__’ before ‘*’ token
In file included from ./lexer.l:33:
parser.h:97: warning: empty declaration
./parser.y:121: error: expected specifier-qualifier-list before ‘gpointer’
./parser.y:123: error: expected specifier-qualifier-list before ‘GHashTable’
y.tab.h:179: error: storage class specified for parameter ‘YYSTYPE’
y.tab.h:185: error: expected ‘=’, ‘,’, ‘;’, ‘asm’ or ‘__attribute__’ before ‘__IDL_lval’
./lexer.l:83: error: storage class specified for parameter ‘count_nl’
./lexer.l:85: error: expected ‘=’, ‘,’, ‘;’, ‘asm’ or ‘__attribute__’ before ‘{’ token
./lexer.l:144: error: storage class specified for parameter ‘__IDL_debug’
./lexer.l:146: error: redefinition of parameter ‘__IDL_prev_token_line’
util.h:97: error: previous definition of ‘__IDL_prev_token_line’ was here
./lexer.l:147: error: redefinition of parameter ‘__IDL_cur_token_line’
util.h:98: error: previous definition of ‘__IDL_cur_token_line’ was here
./lexer.l:148: error: storage class specified for parameter ‘warn_underscores’
./lexer.l:149: error: storage class specified for parameter ‘codefrag_desc’
./lexer.l:150: error: expected ‘=’, ‘,’, ‘;’, ‘asm’ or ‘__attribute__’ before ‘*’ token
./lexer.l:151: error: expected ‘=’, ‘,’, ‘;’, ‘asm’ or ‘__attribute__’ before ‘*’ token
In file included from <stdout>:989:
/home/pablo/gar-castorbox/images/main//usr/include/unistd.h:224: error: storage class specified for parameter ‘useconds_t’
/home/pablo/gar-castorbox/images/main//usr/include/unistd.h:236: error: storage class specified for parameter ‘intptr_t’
/home/pablo/gar-castorbox/images/main//usr/include/unistd.h:243: error: storage class specified for parameter ‘socklen_t’
/home/pablo/gar-castorbox/images/main//usr/include/unistd.h:256: error: storage class specified for parameter ‘access’
/home/pablo/gar-castorbox/images/main//usr/include/unistd.h:299: error: storage class specified for parameter ‘lseek’
/home/pablo/gar-castorbox/images/main//usr/include/unistd.h:318: error: storage class specified for parameter ‘close’
/home/pablo/gar-castorbox/images/main//usr/include/unistd.h:325: error: storage class specified for parameter ‘read’
/home/pablo/gar-castorbox/images/main//usr/include/unistd.h:331: error: storage class specified for parameter ‘write’
/home/pablo/gar-castorbox/images/main//usr/include/unistd.h:382: error: storage class specified for parameter ‘pipe’
/home/pablo/gar-castorbox/images/main//usr/include/unistd.h:391: error: storage class specified for parameter ‘alarm’
/home/pablo/gar-castorbox/images/main//usr/include/unistd.h:403: error: storage class specified for parameter ‘sleep’
/home/pablo/gar-castorbox/images/main//usr/include/unistd.h:411: error: storage class specified for parameter ‘ualarm’
/home/pablo/gar-castorbox/images/main//usr/include/unistd.h:418: error: storage class specified for parameter ‘usleep’
/home/pablo/gar-castorbox/images/main//usr/include/unistd.h:427: error: storage class specified for parameter ‘pause’
/home/pablo/gar-castorbox/images/main//usr/include/unistd.h:432: error: storage class specified for parameter ‘chown’
/home/pablo/gar-castorbox/images/main//usr/include/unistd.h:436: error: storage class specified for parameter ‘fchown’
/home/pablo/gar-castorbox/images/main//usr/include/unistd.h:442: error: storage class specified for parameter ‘lchown’
/home/pablo/gar-castorbox/images/main//usr/include/unistd.h:455: error: storage class specified for parameter ‘chdir’
/home/pablo/gar-castorbox/images/main//usr/include/unistd.h:459: error: storage class specified for parameter ‘fchdir’
/home/pablo/gar-castorbox/images/main//usr/include/unistd.h:469: error: storage class specified for parameter ‘getcwd’
/home/pablo/gar-castorbox/images/main//usr/include/unistd.h:483: error: storage class specified for parameter ‘getwd’
/home/pablo/gar-castorbox/images/main//usr/include/unistd.h:488: error: storage class specified for parameter ‘dup’
/home/pablo/gar-castorbox/images/main//usr/include/unistd.h:491: error: storage class specified for parameter ‘dup2’
/home/pablo/gar-castorbox/images/main//usr/include/unistd.h:494: error: storage class specified for parameter ‘__environ’
/home/pablo/gar-castorbox/images/main//usr/include/unistd.h:503: error: storage class specified for parameter ‘execve’
/home/pablo/gar-castorbox/images/main//usr/include/unistd.h:515: error: storage class specified for parameter ‘execv’
/home/pablo/gar-castorbox/images/main//usr/include/unistd.h:520: error: storage class specified for parameter ‘execle’
/home/pablo/gar-castorbox/images/main//usr/include/unistd.h:525: error: storage class specified for parameter ‘execl’
/home/pablo/gar-castorbox/images/main//usr/include/unistd.h:530: error: storage class specified for parameter ‘execvp’
/home/pablo/gar-castorbox/images/main//usr/include/unistd.h:536: error: storage class specified for parameter ‘execlp’
/home/pablo/gar-castorbox/images/main//usr/include/unistd.h:541: error: storage class specified for parameter ‘nice’
/home/pablo/gar-castorbox/images/main//usr/include/unistd.h:546: error: storage class specified for parameter ‘_exit’
In file included from <stdout>:989:
/home/pablo/gar-castorbox/images/main//usr/include/unistd.h:556: error: storage class specified for parameter ‘pathconf’
/home/pablo/gar-castorbox/images/main//usr/include/unistd.h:559: error: storage class specified for parameter ‘fpathconf’
/home/pablo/gar-castorbox/images/main//usr/include/unistd.h:562: error: storage class specified for parameter ‘sysconf’
/home/pablo/gar-castorbox/images/main//usr/include/unistd.h:566: error: storage class specified for parameter ‘confstr’
/home/pablo/gar-castorbox/images/main//usr/include/unistd.h:571: error: storage class specified for parameter ‘getpid’
/home/pablo/gar-castorbox/images/main//usr/include/unistd.h:574: error: storage class specified for parameter ‘getppid’
/home/pablo/gar-castorbox/images/main//usr/include/unistd.h:579: error: storage class specified for parameter ‘getpgrp’
/home/pablo/gar-castorbox/images/main//usr/include/unistd.h:589: error: storage class specified for parameter ‘__getpgid’
/home/pablo/gar-castorbox/images/main//usr/include/unistd.h:598: error: storage class specified for parameter ‘setpgid’
/home/pablo/gar-castorbox/images/main//usr/include/unistd.h:615: error: storage class specified for parameter ‘setpgrp’
/home/pablo/gar-castorbox/images/main//usr/include/unistd.h:632: error: storage class specified for parameter ‘setsid’
/home/pablo/gar-castorbox/images/main//usr/include/unistd.h:640: error: storage class specified for parameter ‘getuid’
/home/pablo/gar-castorbox/images/main//usr/include/unistd.h:643: error: storage class specified for parameter ‘geteuid’
/home/pablo/gar-castorbox/images/main//usr/include/unistd.h:646: error: storage class specified for parameter ‘getgid’
/home/pablo/gar-castorbox/images/main//usr/include/unistd.h:649: error: storage class specified for parameter ‘getegid’
/home/pablo/gar-castorbox/images/main//usr/include/unistd.h:654: error: storage class specified for parameter ‘getgroups’
/home/pablo/gar-castorbox/images/main//usr/include/unistd.h:665: error: storage class specified for parameter ‘setuid’
/home/pablo/gar-castorbox/images/main//usr/include/unistd.h:670: error: storage class specified for parameter ‘setreuid’
/home/pablo/gar-castorbox/images/main//usr/include/unistd.h:675: error: storage class specified for parameter ‘seteuid’
/home/pablo/gar-castorbox/images/main//usr/include/unistd.h:682: error: storage class specified for parameter ‘setgid’
/home/pablo/gar-castorbox/images/main//usr/include/unistd.h:687: error: storage class specified for parameter ‘setregid’
/home/pablo/gar-castorbox/images/main//usr/include/unistd.h:692: error: storage class specified for parameter ‘setegid’
/home/pablo/gar-castorbox/images/main//usr/include/unistd.h:721: error: storage class specified for parameter ‘fork’
/home/pablo/gar-castorbox/images/main//usr/include/unistd.h:728: error: storage class specified for parameter ‘vfork’
/home/pablo/gar-castorbox/images/main//usr/include/unistd.h:734: error: storage class specified for parameter ‘ttyname’
/home/pablo/gar-castorbox/images/main//usr/include/unistd.h:739: error: storage class specified for parameter ‘ttyname_r’
/home/pablo/gar-castorbox/images/main//usr/include/unistd.h:743: error: storage class specified for parameter ‘isatty’
/home/pablo/gar-castorbox/images/main//usr/include/unistd.h:749: error: storage class specified for parameter ‘ttyslot’
/home/pablo/gar-castorbox/images/main//usr/include/unistd.h:755: error: storage class specified for parameter ‘link’
/home/pablo/gar-castorbox/images/main//usr/include/unistd.h:768: error: storage class specified for parameter ‘symlink’
/home/pablo/gar-castorbox/images/main//usr/include/unistd.h:775: error: storage class specified for parameter ‘readlink’
/home/pablo/gar-castorbox/images/main//usr/include/unistd.h:790: error: storage class specified for parameter ‘unlink’
/home/pablo/gar-castorbox/images/main//usr/include/unistd.h:799: error: storage class specified for parameter ‘rmdir’
/home/pablo/gar-castorbox/images/main//usr/include/unistd.h:803: error: storage class specified for parameter ‘tcgetpgrp’
/home/pablo/gar-castorbox/images/main//usr/include/unistd.h:806: error: storage class specified for parameter ‘tcsetpgrp’
/home/pablo/gar-castorbox/images/main//usr/include/unistd.h:813: error: storage class specified for parameter ‘getlogin’
/home/pablo/gar-castorbox/images/main//usr/include/unistd.h:821: error: storage class specified for parameter ‘getlogin_r’
/home/pablo/gar-castorbox/images/main//usr/include/unistd.h:826: error: storage class specified for parameter ‘setlogin’
In file included from /home/pablo/gar-castorbox/images/main//usr/include/unistd.h:835,
                 from <stdout>:989:
/home/pablo/gar-castorbox/images/main//usr/include/getopt.h:59: error: storage class specified for parameter ‘optarg’
/home/pablo/gar-castorbox/images/main//usr/include/getopt.h:73: error: storage class specified for parameter ‘optind’
/home/pablo/gar-castorbox/images/main//usr/include/getopt.h:78: error: storage class specified for parameter ‘opterr’
/home/pablo/gar-castorbox/images/main//usr/include/getopt.h:82: error: storage class specified for parameter ‘optopt’
/home/pablo/gar-castorbox/images/main//usr/include/getopt.h:153: error: storage class specified for parameter ‘getopt’
In file included from <stdout>:989:
/home/pablo/gar-castorbox/images/main//usr/include/unistd.h:843: error: storage class specified for parameter ‘gethostname’
/home/pablo/gar-castorbox/images/main//usr/include/unistd.h:851: error: storage class specified for parameter ‘sethostname’
/home/pablo/gar-castorbox/images/main//usr/include/unistd.h:855: error: storage class specified for parameter ‘sethostid’
/home/pablo/gar-castorbox/images/main//usr/include/unistd.h:862: error: storage class specified for parameter ‘getdomainname’
/home/pablo/gar-castorbox/images/main//usr/include/unistd.h:864: error: storage class specified for parameter ‘setdomainname’
/home/pablo/gar-castorbox/images/main//usr/include/unistd.h:870: error: storage class specified for parameter ‘vhangup’
/home/pablo/gar-castorbox/images/main//usr/include/unistd.h:873: error: storage class specified for parameter ‘revoke’
/home/pablo/gar-castorbox/images/main//usr/include/unistd.h:883: error: storage class specified for parameter ‘profil’
/home/pablo/gar-castorbox/images/main//usr/include/unistd.h:889: error: storage class specified for parameter ‘acct’
/home/pablo/gar-castorbox/images/main//usr/include/unistd.h:893: error: storage class specified for parameter ‘getusershell’
/home/pablo/gar-castorbox/images/main//usr/include/unistd.h:894: error: storage class specified for parameter ‘endusershell’
/home/pablo/gar-castorbox/images/main//usr/include/unistd.h:895: error: storage class specified for parameter ‘setusershell’
/home/pablo/gar-castorbox/images/main//usr/include/unistd.h:901: error: storage class specified for parameter ‘daemon’
/home/pablo/gar-castorbox/images/main//usr/include/unistd.h:908: error: storage class specified for parameter ‘chroot’
/home/pablo/gar-castorbox/images/main//usr/include/unistd.h:912: error: storage class specified for parameter ‘getpass’
/home/pablo/gar-castorbox/images/main//usr/include/unistd.h:921: error: storage class specified for parameter ‘fsync’
/home/pablo/gar-castorbox/images/main//usr/include/unistd.h:928: error: storage class specified for parameter ‘gethostid’
/home/pablo/gar-castorbox/images/main//usr/include/unistd.h:931: error: storage class specified for parameter ‘sync’
/home/pablo/gar-castorbox/images/main//usr/include/unistd.h:936: error: storage class specified for parameter ‘getpagesize’
/home/pablo/gar-castorbox/images/main//usr/include/unistd.h:941: error: storage class specified for parameter ‘getdtablesize’
/home/pablo/gar-castorbox/images/main//usr/include/unistd.h:947: error: storage class specified for parameter ‘truncate’
/home/pablo/gar-castorbox/images/main//usr/include/unistd.h:968: error: storage class specified for parameter ‘ftruncate’
/home/pablo/gar-castorbox/images/main//usr/include/unistd.h:988: error: storage class specified for parameter ‘brk’
/home/pablo/gar-castorbox/images/main//usr/include/unistd.h:994: error: expected ‘)’ before ‘__delta’
/home/pablo/gar-castorbox/images/main//usr/include/unistd.h:1009: error: storage class specified for parameter ‘syscall’
/home/pablo/gar-castorbox/images/main//usr/include/unistd.h:1032: error: storage class specified for parameter ‘lockf’
/home/pablo/gar-castorbox/images/main//usr/include/unistd.h:1063: error: storage class specified for parameter ‘fdatasync’
<stdout>:996: error: storage class specified for parameter ‘__IDL__init_globals’
<stdout>:1006: error: storage class specified for parameter ‘__IDL_wrap’
<stdout>:1010: error: storage class specified for parameter ‘__IDL_unput’
<stdout>:1025: error: storage class specified for parameter ‘input’
<stdout>:1105: error: storage class specified for parameter ‘__IDL_lex’
<stdout>:1131: error: expected ‘=’, ‘,’, ‘;’, ‘asm’ or ‘__attribute__’ before ‘{’ token
<stdout>:1883: error: expected ‘=’, ‘,’, ‘;’, ‘asm’ or ‘__attribute__’ before ‘{’ token
<stdout>:2009: error: expected ‘=’, ‘,’, ‘;’, ‘asm’ or ‘__attribute__’ before ‘{’ token
<stdout>:2042: error: expected ‘=’, ‘,’, ‘;’, ‘asm’ or ‘__attribute__’ before ‘{’ token
<stdout>:2065: error: expected ‘=’, ‘,’, ‘;’, ‘asm’ or ‘__attribute__’ before ‘{’ token
<stdout>:2108: error: expected ‘=’, ‘,’, ‘;’, ‘asm’ or ‘__attribute__’ before ‘{’ token
<stdout>:2183: error: expected ‘=’, ‘,’, ‘;’, ‘asm’ or ‘__attribute__’ before ‘{’ token
<stdout>:2200: error: expected ‘=’, ‘,’, ‘;’, ‘asm’ or ‘__attribute__’ before ‘{’ token
<stdout>:2231: error: expected ‘=’, ‘,’, ‘;’, ‘asm’ or ‘__attribute__’ before ‘{’ token
<stdout>:2245: error: expected ‘=’, ‘,’, ‘;’, ‘asm’ or ‘__attribute__’ before ‘{’ token
<stdout>:2273: error: expected ‘=’, ‘,’, ‘;’, ‘asm’ or ‘__attribute__’ before ‘{’ token
<stdout>:2288: error: storage class specified for parameter ‘isatty’
<stdout>:2288: error: redefinition of parameter ‘isatty’
/home/pablo/gar-castorbox/images/main//usr/include/unistd.h:743: error: previous definition of ‘isatty’ was here
<stdout>:2297: error: expected ‘=’, ‘,’, ‘;’, ‘asm’ or ‘__attribute__’ before ‘{’ token
<stdout>:2324: error: expected ‘=’, ‘,’, ‘;’, ‘asm’ or ‘__attribute__’ before ‘{’ token
<stdout>:2353: error: expected ‘=’, ‘,’, ‘;’, ‘asm’ or ‘__attribute__’ before ‘{’ token
<stdout>:2383: error: expected ‘=’, ‘,’, ‘;’, ‘asm’ or ‘__attribute__’ before ‘{’ token
<stdout>:2402: error: expected ‘=’, ‘,’, ‘;’, ‘asm’ or ‘__attribute__’ before ‘{’ token
<stdout>:2447: error: expected ‘=’, ‘,’, ‘;’, ‘asm’ or ‘__attribute__’ before ‘{’ token
<stdout>:2484: error: expected ‘=’, ‘,’, ‘;’, ‘asm’ or ‘__attribute__’ before ‘{’ token
<stdout>:2497: error: expected ‘=’, ‘,’, ‘;’, ‘asm’ or ‘__attribute__’ before ‘{’ token
<stdout>:2531: error: expected ‘=’, ‘,’, ‘;’, ‘asm’ or ‘__attribute__’ before ‘{’ token
<stdout>:2559: error: expected ‘=’, ‘,’, ‘;’, ‘asm’ or ‘__attribute__’ before ‘{’ token
<stdout>:2568: error: expected ‘=’, ‘,’, ‘;’, ‘asm’ or ‘__attribute__’ before ‘{’ token
<stdout>:2576: error: expected ‘=’, ‘,’, ‘;’, ‘asm’ or ‘__attribute__’ before ‘{’ token
<stdout>:2584: error: expected ‘=’, ‘,’, ‘;’, ‘asm’ or ‘__attribute__’ before ‘{’ token
<stdout>:2593: error: expected ‘=’, ‘,’, ‘;’, ‘asm’ or ‘__attribute__’ before ‘{’ token
<stdout>:2602: error: expected ‘=’, ‘,’, ‘;’, ‘asm’ or ‘__attribute__’ before ‘{’ token
<stdout>:2614: error: expected ‘=’, ‘,’, ‘;’, ‘asm’ or ‘__attribute__’ before ‘{’ token
<stdout>:2619: error: expected ‘=’, ‘,’, ‘;’, ‘asm’ or ‘__attribute__’ before ‘{’ token
<stdout>:2624: error: expected ‘=’, ‘,’, ‘;’, ‘asm’ or ‘__attribute__’ before ‘{’ token
<stdout>:2629: error: expected ‘=’, ‘,’, ‘;’, ‘asm’ or ‘__attribute__’ before ‘{’ token
<stdout>:2634: error: expected ‘=’, ‘,’, ‘;’, ‘asm’ or ‘__attribute__’ before ‘{’ token
<stdout>:2663: error: expected ‘=’, ‘,’, ‘;’, ‘asm’ or ‘__attribute__’ before ‘{’ token
<stdout>:2708: error: expected ‘=’, ‘,’, ‘;’, ‘asm’ or ‘__attribute__’ before ‘{’ token
<stdout>:2713: error: expected ‘=’, ‘,’, ‘;’, ‘asm’ or ‘__attribute__’ before ‘{’ token
<stdout>:2725: error: expected ‘=’, ‘,’, ‘;’, ‘asm’ or ‘__attribute__’ before ‘{’ token
./lexer.l:424: error: expected ‘=’, ‘,’, ‘;’, ‘asm’ or ‘__attribute__’ before ‘{’ token
./lexer.l:435: error: expected ‘=’, ‘,’, ‘;’, ‘asm’ or ‘__attribute__’ before ‘{’ token
./lexer.l:443: error: expected ‘=’, ‘,’, ‘;’, ‘asm’ or ‘__attribute__’ before ‘{’ token
./lexer.l:448: error: expected ‘=’, ‘,’, ‘;’, ‘asm’ or ‘__attribute__’ before ‘{’ token
./lexer.l:456: error: old-style parameter declarations in prototyped function definition
./lexer.l:456: error: expected ‘{’ at end of input
make[3]: *** [libIDL_2_la-lexer.lo] Error 1
make[3]: Leaving directory `/home/pablo/gar-castorbox/script/lib/libIDL/work/main.d/libIDL-0.8.11'
make[2]: *** [all-recursive] Error 1
make[2]: Leaving directory `/home/pablo/gar-castorbox/script/lib/libIDL/work/main.d/libIDL-0.8.11'
make[1]: *** [all] Error 2
make[1]: Leaving directory `/home/pablo/gar-castorbox/script/lib/libIDL/work/main.d/libIDL-0.8.11'
make: *** [build-work/main.d/libIDL-0.8.11/Makefile] Error 2
